This is pdfTeX, Version 3.14159265-2.6-1.40.18 (TeX Live 2017/Debian) (preloaded format=pdflatex 2019.8.15)  21 AUG 2019 12:04
entering extended mode
 restricted \write18 enabled.
 %&-line parsing enabled.
**Fourier.tex
(./Fourier.tex
LaTeX2e <2017-04-15>
Babel <3.18> and hyphenation patterns for 84 language(s) loaded.
(/usr/share/texlive/texmf-dist/tex/latex/base/article.cls
Document Class: article 2014/09/29 v1.4h Standard LaTeX document class
(/usr/share/texlive/texmf-dist/tex/latex/base/size11.clo
File: size11.clo 2014/09/29 v1.4h Standard LaTeX file (size option)
)
\c@part=\count79
\c@section=\count80
\c@subsection=\count81
\c@subsubsection=\count82
\c@paragraph=\count83
\c@subparagraph=\count84
\c@figure=\count85
\c@table=\count86
\abovecaptionskip=\skip41
\belowcaptionskip=\skip42
\bibindent=\dimen102
)
(/usr/share/texlive/texmf-dist/tex/latex/base/inputenc.sty
Package: inputenc 2015/03/17 v1.2c Input encoding file
\inpenc@prehook=\toks14
\inpenc@posthook=\toks15

(/usr/share/texlive/texmf-dist/tex/latex/base/utf8.def
File: utf8.def 2017/01/28 v1.1t UTF-8 support for inputenc
Now handling font encoding OML ...
... no UTF-8 mapping file for font encoding OML
Now handling font encoding T1 ...
... processing UTF-8 mapping file for font encoding T1

(/usr/share/texlive/texmf-dist/tex/latex/base/t1enc.dfu
File: t1enc.dfu 2017/01/28 v1.1t UTF-8 support for inputenc
   defining Unicode char U+00A0 (decimal 160)
   defining Unicode char U+00A1 (decimal 161)
   defining Unicode char U+00A3 (decimal 163)
   defining Unicode char U+00AB (decimal 171)
   defining Unicode char U+00AD (decimal 173)
   defining Unicode char U+00BB (decimal 187)
   defining Unicode char U+00BF (decimal 191)
   defining Unicode char U+00C0 (decimal 192)
   defining Unicode char U+00C1 (decimal 193)
   defining Unicode char U+00C2 (decimal 194)
   defining Unicode char U+00C3 (decimal 195)
   defining Unicode char U+00C4 (decimal 196)
   defining Unicode char U+00C5 (decimal 197)
   defining Unicode char U+00C6 (decimal 198)
   defining Unicode char U+00C7 (decimal 199)
   defining Unicode char U+00C8 (decimal 200)
   defining Unicode char U+00C9 (decimal 201)
   defining Unicode char U+00CA (decimal 202)
   defining Unicode char U+00CB (decimal 203)
   defining Unicode char U+00CC (decimal 204)
   defining Unicode char U+00CD (decimal 205)
   defining Unicode char U+00CE (decimal 206)
   defining Unicode char U+00CF (decimal 207)
   defining Unicode char U+00D0 (decimal 208)
   defining Unicode char U+00D1 (decimal 209)
   defining Unicode char U+00D2 (decimal 210)
   defining Unicode char U+00D3 (decimal 211)
   defining Unicode char U+00D4 (decimal 212)
   defining Unicode char U+00D5 (decimal 213)
   defining Unicode char U+00D6 (decimal 214)
   defining Unicode char U+00D8 (decimal 216)
   defining Unicode char U+00D9 (decimal 217)
   defining Unicode char U+00DA (decimal 218)
   defining Unicode char U+00DB (decimal 219)
   defining Unicode char U+00DC (decimal 220)
   defining Unicode char U+00DD (decimal 221)
   defining Unicode char U+00DE (decimal 222)
   defining Unicode char U+00DF (decimal 223)
   defining Unicode char U+00E0 (decimal 224)
   defining Unicode char U+00E1 (decimal 225)
   defining Unicode char U+00E2 (decimal 226)
   defining Unicode char U+00E3 (decimal 227)
   defining Unicode char U+00E4 (decimal 228)
   defining Unicode char U+00E5 (decimal 229)
   defining Unicode char U+00E6 (decimal 230)
   defining Unicode char U+00E7 (decimal 231)
   defining Unicode char U+00E8 (decimal 232)
   defining Unicode char U+00E9 (decimal 233)
   defining Unicode char U+00EA (decimal 234)
   defining Unicode char U+00EB (decimal 235)
   defining Unicode char U+00EC (decimal 236)
   defining Unicode char U+00ED (decimal 237)
   defining Unicode char U+00EE (decimal 238)
   defining Unicode char U+00EF (decimal 239)
   defining Unicode char U+00F0 (decimal 240)
   defining Unicode char U+00F1 (decimal 241)
   defining Unicode char U+00F2 (decimal 242)
   defining Unicode char U+00F3 (decimal 243)
   defining Unicode char U+00F4 (decimal 244)
   defining Unicode char U+00F5 (decimal 245)
   defining Unicode char U+00F6 (decimal 246)
   defining Unicode char U+00F8 (decimal 248)
   defining Unicode char U+00F9 (decimal 249)
   defining Unicode char U+00FA (decimal 250)
   defining Unicode char U+00FB (decimal 251)
   defining Unicode char U+00FC (decimal 252)
   defining Unicode char U+00FD (decimal 253)
   defining Unicode char U+00FE (decimal 254)
   defining Unicode char U+00FF (decimal 255)
   defining Unicode char U+0100 (decimal 256)
   defining Unicode char U+0101 (decimal 257)
   defining Unicode char U+0102 (decimal 258)
   defining Unicode char U+0103 (decimal 259)
   defining Unicode char U+0104 (decimal 260)
   defining Unicode char U+0105 (decimal 261)
   defining Unicode char U+0106 (decimal 262)
   defining Unicode char U+0107 (decimal 263)
   defining Unicode char U+0108 (decimal 264)
   defining Unicode char U+0109 (decimal 265)
   defining Unicode char U+010A (decimal 266)
   defining Unicode char U+010B (decimal 267)
   defining Unicode char U+010C (decimal 268)
   defining Unicode char U+010D (decimal 269)
   defining Unicode char U+010E (decimal 270)
   defining Unicode char U+010F (decimal 271)
   defining Unicode char U+0110 (decimal 272)
   defining Unicode char U+0111 (decimal 273)
   defining Unicode char U+0112 (decimal 274)
   defining Unicode char U+0113 (decimal 275)
   defining Unicode char U+0114 (decimal 276)
   defining Unicode char U+0115 (decimal 277)
   defining Unicode char U+0116 (decimal 278)
   defining Unicode char U+0117 (decimal 279)
   defining Unicode char U+0118 (decimal 280)
   defining Unicode char U+0119 (decimal 281)
   defining Unicode char U+011A (decimal 282)
   defining Unicode char U+011B (decimal 283)
   defining Unicode char U+011C (decimal 284)
   defining Unicode char U+011D (decimal 285)
   defining Unicode char U+011E (decimal 286)
   defining Unicode char U+011F (decimal 287)
   defining Unicode char U+0120 (decimal 288)
   defining Unicode char U+0121 (decimal 289)
   defining Unicode char U+0122 (decimal 290)
   defining Unicode char U+0123 (decimal 291)
   defining Unicode char U+0124 (decimal 292)
   defining Unicode char U+0125 (decimal 293)
   defining Unicode char U+0128 (decimal 296)
   defining Unicode char U+0129 (decimal 297)
   defining Unicode char U+012A (decimal 298)
   defining Unicode char U+012B (decimal 299)
   defining Unicode char U+012C (decimal 300)
   defining Unicode char U+012D (decimal 301)
   defining Unicode char U+012E (decimal 302)
   defining Unicode char U+012F (decimal 303)
   defining Unicode char U+0130 (decimal 304)
   defining Unicode char U+0131 (decimal 305)
   defining Unicode char U+0132 (decimal 306)
   defining Unicode char U+0133 (decimal 307)
   defining Unicode char U+0134 (decimal 308)
   defining Unicode char U+0135 (decimal 309)
   defining Unicode char U+0136 (decimal 310)
   defining Unicode char U+0137 (decimal 311)
   defining Unicode char U+0139 (decimal 313)
   defining Unicode char U+013A (decimal 314)
   defining Unicode char U+013B (decimal 315)
   defining Unicode char U+013C (decimal 316)
   defining Unicode char U+013D (decimal 317)
   defining Unicode char U+013E (decimal 318)
   defining Unicode char U+0141 (decimal 321)
   defining Unicode char U+0142 (decimal 322)
   defining Unicode char U+0143 (decimal 323)
   defining Unicode char U+0144 (decimal 324)
   defining Unicode char U+0145 (decimal 325)
   defining Unicode char U+0146 (decimal 326)
   defining Unicode char U+0147 (decimal 327)
   defining Unicode char U+0148 (decimal 328)
   defining Unicode char U+014A (decimal 330)
   defining Unicode char U+014B (decimal 331)
   defining Unicode char U+014C (decimal 332)
   defining Unicode char U+014D (decimal 333)
   defining Unicode char U+014E (decimal 334)
   defining Unicode char U+014F (decimal 335)
   defining Unicode char U+0150 (decimal 336)
   defining Unicode char U+0151 (decimal 337)
   defining Unicode char U+0152 (decimal 338)
   defining Unicode char U+0153 (decimal 339)
   defining Unicode char U+0154 (decimal 340)
   defining Unicode char U+0155 (decimal 341)
   defining Unicode char U+0156 (decimal 342)
   defining Unicode char U+0157 (decimal 343)
   defining Unicode char U+0158 (decimal 344)
   defining Unicode char U+0159 (decimal 345)
   defining Unicode char U+015A (decimal 346)
   defining Unicode char U+015B (decimal 347)
   defining Unicode char U+015C (decimal 348)
   defining Unicode char U+015D (decimal 349)
   defining Unicode char U+015E (decimal 350)
   defining Unicode char U+015F (decimal 351)
   defining Unicode char U+0160 (decimal 352)
   defining Unicode char U+0161 (decimal 353)
   defining Unicode char U+0162 (decimal 354)
   defining Unicode char U+0163 (decimal 355)
   defining Unicode char U+0164 (decimal 356)
   defining Unicode char U+0165 (decimal 357)
   defining Unicode char U+0168 (decimal 360)
   defining Unicode char U+0169 (decimal 361)
   defining Unicode char U+016A (decimal 362)
   defining Unicode char U+016B (decimal 363)
   defining Unicode char U+016C (decimal 364)
   defining Unicode char U+016D (decimal 365)
   defining Unicode char U+016E (decimal 366)
   defining Unicode char U+016F (decimal 367)
   defining Unicode char U+0170 (decimal 368)
   defining Unicode char U+0171 (decimal 369)
   defining Unicode char U+0172 (decimal 370)
   defining Unicode char U+0173 (decimal 371)
   defining Unicode char U+0174 (decimal 372)
   defining Unicode char U+0175 (decimal 373)
   defining Unicode char U+0176 (decimal 374)
   defining Unicode char U+0177 (decimal 375)
   defining Unicode char U+0178 (decimal 376)
   defining Unicode char U+0179 (decimal 377)
   defining Unicode char U+017A (decimal 378)
   defining Unicode char U+017B (decimal 379)
   defining Unicode char U+017C (decimal 380)
   defining Unicode char U+017D (decimal 381)
   defining Unicode char U+017E (decimal 382)
   defining Unicode char U+01CD (decimal 461)
   defining Unicode char U+01CE (decimal 462)
   defining Unicode char U+01CF (decimal 463)
   defining Unicode char U+01D0 (decimal 464)
   defining Unicode char U+01D1 (decimal 465)
   defining Unicode char U+01D2 (decimal 466)
   defining Unicode char U+01D3 (decimal 467)
   defining Unicode char U+01D4 (decimal 468)
   defining Unicode char U+01E2 (decimal 482)
   defining Unicode char U+01E3 (decimal 483)
   defining Unicode char U+01E6 (decimal 486)
   defining Unicode char U+01E7 (decimal 487)
   defining Unicode char U+01E8 (decimal 488)
   defining Unicode char U+01E9 (decimal 489)
   defining Unicode char U+01EA (decimal 490)
   defining Unicode char U+01EB (decimal 491)
   defining Unicode char U+01F0 (decimal 496)
   defining Unicode char U+01F4 (decimal 500)
   defining Unicode char U+01F5 (decimal 501)
   defining Unicode char U+0218 (decimal 536)
   defining Unicode char U+0219 (decimal 537)
   defining Unicode char U+021A (decimal 538)
   defining Unicode char U+021B (decimal 539)
   defining Unicode char U+0232 (decimal 562)
   defining Unicode char U+0233 (decimal 563)
   defining Unicode char U+1E02 (decimal 7682)
   defining Unicode char U+1E03 (decimal 7683)
   defining Unicode char U+200C (decimal 8204)
   defining Unicode char U+2010 (decimal 8208)
   defining Unicode char U+2011 (decimal 8209)
   defining Unicode char U+2012 (decimal 8210)
   defining Unicode char U+2013 (decimal 8211)
   defining Unicode char U+2014 (decimal 8212)
   defining Unicode char U+2015 (decimal 8213)
   defining Unicode char U+2018 (decimal 8216)
   defining Unicode char U+2019 (decimal 8217)
   defining Unicode char U+201A (decimal 8218)
   defining Unicode char U+201C (decimal 8220)
   defining Unicode char U+201D (decimal 8221)
   defining Unicode char U+201E (decimal 8222)
   defining Unicode char U+2030 (decimal 8240)
   defining Unicode char U+2031 (decimal 8241)
   defining Unicode char U+2039 (decimal 8249)
   defining Unicode char U+203A (decimal 8250)
   defining Unicode char U+2423 (decimal 9251)
   defining Unicode char U+1E20 (decimal 7712)
   defining Unicode char U+1E21 (decimal 7713)
)
Now handling font encoding OT1 ...
... processing UTF-8 mapping file for font encoding OT1

(/usr/share/texlive/texmf-dist/tex/latex/base/ot1enc.dfu
File: ot1enc.dfu 2017/01/28 v1.1t UTF-8 support for inputenc
   defining Unicode char U+00A0 (decimal 160)
   defining Unicode char U+00A1 (decimal 161)
   defining Unicode char U+00A3 (decimal 163)
   defining Unicode char U+00AD (decimal 173)
   defining Unicode char U+00B8 (decimal 184)
   defining Unicode char U+00BF (decimal 191)
   defining Unicode char U+00C5 (decimal 197)
   defining Unicode char U+00C6 (decimal 198)
   defining Unicode char U+00D8 (decimal 216)
   defining Unicode char U+00DF (decimal 223)
   defining Unicode char U+00E6 (decimal 230)
   defining Unicode char U+00EC (decimal 236)
   defining Unicode char U+00ED (decimal 237)
   defining Unicode char U+00EE (decimal 238)
   defining Unicode char U+00EF (decimal 239)
   defining Unicode char U+00F8 (decimal 248)
   defining Unicode char U+0131 (decimal 305)
   defining Unicode char U+0141 (decimal 321)
   defining Unicode char U+0142 (decimal 322)
   defining Unicode char U+0152 (decimal 338)
   defining Unicode char U+0153 (decimal 339)
   defining Unicode char U+0174 (decimal 372)
   defining Unicode char U+0175 (decimal 373)
   defining Unicode char U+0176 (decimal 374)
   defining Unicode char U+0177 (decimal 375)
   defining Unicode char U+0218 (decimal 536)
   defining Unicode char U+0219 (decimal 537)
   defining Unicode char U+021A (decimal 538)
   defining Unicode char U+021B (decimal 539)
   defining Unicode char U+2013 (decimal 8211)
   defining Unicode char U+2014 (decimal 8212)
   defining Unicode char U+2018 (decimal 8216)
   defining Unicode char U+2019 (decimal 8217)
   defining Unicode char U+201C (decimal 8220)
   defining Unicode char U+201D (decimal 8221)
)
Now handling font encoding OMS ...
... processing UTF-8 mapping file for font encoding OMS

(/usr/share/texlive/texmf-dist/tex/latex/base/omsenc.dfu
File: omsenc.dfu 2017/01/28 v1.1t UTF-8 support for inputenc
   defining Unicode char U+00A7 (decimal 167)
   defining Unicode char U+00B6 (decimal 182)
   defining Unicode char U+00B7 (decimal 183)
   defining Unicode char U+2020 (decimal 8224)
   defining Unicode char U+2021 (decimal 8225)
   defining Unicode char U+2022 (decimal 8226)
)
Now handling font encoding OMX ...
... no UTF-8 mapping file for font encoding OMX
Now handling font encoding U ...
... no UTF-8 mapping file for font encoding U
   defining Unicode char U+00A9 (decimal 169)
   defining Unicode char U+00AA (decimal 170)
   defining Unicode char U+00AE (decimal 174)
   defining Unicode char U+00BA (decimal 186)
   defining Unicode char U+02C6 (decimal 710)
   defining Unicode char U+02DC (decimal 732)
   defining Unicode char U+200C (decimal 8204)
   defining Unicode char U+2026 (decimal 8230)
   defining Unicode char U+2122 (decimal 8482)
   defining Unicode char U+2423 (decimal 9251)
))
(/usr/share/texlive/texmf-dist/tex/generic/babel/babel.sty
Package: babel 2018/02/14 3.18 The Babel package

(/usr/share/texlive/texmf-dist/tex/generic/babel/switch.def
File: switch.def 2018/02/14 3.18 Babel switching mechanism
)
(/usr/share/texlive/texmf-dist/tex/generic/babel-spanish/spanish.ldf
Language: spanish.ldf 2016/03/03 v5.0p Spanish support from the babel system

(/usr/share/texlive/texmf-dist/tex/generic/babel/babel.def
File: babel.def 2018/02/14 3.18 Babel common definitions
\babel@savecnt=\count87
\U@D=\dimen103

(/usr/share/texlive/texmf-dist/tex/generic/babel/txtbabel.def)
\bbl@dirlevel=\count88
)
\es@quottoks=\toks16
\es@quotdepth=\count89
Package babel Info: Making " an active character on input line 561.
Package babel Info: Making . an active character on input line 662.
Package babel Info: Making < an active character on input line 707.
Package babel Info: Making > an active character on input line 707.
))
(/usr/share/texlive/texmf-dist/tex/latex/amsmath/amsmath.sty
Package: amsmath 2017/09/02 v2.17a AMS math features
\@mathmargin=\skip43

For additional information on amsmath, use the `?' option.
(/usr/share/texlive/texmf-dist/tex/latex/amsmath/amstext.sty
Package: amstext 2000/06/29 v2.01 AMS text

(/usr/share/texlive/texmf-dist/tex/latex/amsmath/amsgen.sty
File: amsgen.sty 1999/11/30 v2.0 generic functions
\@emptytoks=\toks17
\ex@=\dimen104
))
(/usr/share/texlive/texmf-dist/tex/latex/amsmath/amsbsy.sty
Package: amsbsy 1999/11/29 v1.2d Bold Symbols
\pmbraise@=\dimen105
)
(/usr/share/texlive/texmf-dist/tex/latex/amsmath/amsopn.sty
Package: amsopn 2016/03/08 v2.02 operator names
)
\inf@bad=\count90
LaTeX Info: Redefining \frac on input line 213.
\uproot@=\count91
\leftroot@=\count92
LaTeX Info: Redefining \overline on input line 375.
\classnum@=\count93
\DOTSCASE@=\count94
LaTeX Info: Redefining \ldots on input line 472.
LaTeX Info: Redefining \dots on input line 475.
LaTeX Info: Redefining \cdots on input line 596.
\Mathstrutbox@=\box26
\strutbox@=\box27
\big@size=\dimen106
LaTeX Font Info:    Redeclaring font encoding OML on input line 712.
LaTeX Font Info:    Redeclaring font encoding OMS on input line 713.
\macc@depth=\count95
\c@MaxMatrixCols=\count96
\dotsspace@=\muskip10
\c@parentequation=\count97
\dspbrk@lvl=\count98
\tag@help=\toks18
\row@=\count99
\column@=\count100
\maxfields@=\count101
\andhelp@=\toks19
\eqnshift@=\dimen107
\alignsep@=\dimen108
\tagshift@=\dimen109
\tagwidth@=\dimen110
\totwidth@=\dimen111
\lineht@=\dimen112
\@envbody=\toks20
\multlinegap=\skip44
\multlinetaggap=\skip45
\mathdisplay@stack=\toks21
LaTeX Info: Redefining \[ on input line 2817.
LaTeX Info: Redefining \] on input line 2818.
)
(/usr/share/texlive/texmf-dist/tex/latex/amsfonts/amsfonts.sty
Package: amsfonts 2013/01/14 v3.01 Basic AMSFonts support
\symAMSa=\mathgroup4
\symAMSb=\mathgroup5
LaTeX Font Info:    Overwriting math alphabet `\mathfrak' in version `bold'
(Font)                  U/euf/m/n --> U/euf/b/n on input line 106.
)
(/usr/share/texlive/texmf-dist/tex/latex/amsfonts/amssymb.sty
Package: amssymb 2013/01/14 v3.01 AMS font symbols
)
(/usr/share/texlive/texmf-dist/tex/latex/float/float.sty
Package: float 2001/11/08 v1.3d Float enhancements (AL)
\c@float@type=\count102
\float@exts=\toks22
\float@box=\box28
\@float@everytoks=\toks23
\@floatcapt=\box29
)
(/usr/share/texlive/texmf-dist/tex/latex/graphics/graphicx.sty
Package: graphicx 2017/06/01 v1.1a Enhanced LaTeX Graphics (DPC,SPQR)

(/usr/share/texlive/texmf-dist/tex/latex/graphics/keyval.sty
Package: keyval 2014/10/28 v1.15 key=value parser (DPC)
\KV@toks@=\toks24
)
(/usr/share/texlive/texmf-dist/tex/latex/graphics/graphics.sty
Package: graphics 2017/06/25 v1.2c Standard LaTeX Graphics (DPC,SPQR)

(/usr/share/texlive/texmf-dist/tex/latex/graphics/trig.sty
Package: trig 2016/01/03 v1.10 sin cos tan (DPC)
)
(/usr/share/texlive/texmf-dist/tex/latex/graphics-cfg/graphics.cfg
File: graphics.cfg 2016/06/04 v1.11 sample graphics configuration
)
Package graphics Info: Driver file: pdftex.def on input line 99.

(/usr/share/texlive/texmf-dist/tex/latex/graphics-def/pdftex.def
File: pdftex.def 2018/01/08 v1.0l Graphics/color driver for pdftex
))
\Gin@req@height=\dimen113
\Gin@req@width=\dimen114
)
(/usr/share/texlive/texmf-dist/tex/latex/subfigure/subfigure.sty
Package: subfigure 2002/03/15 v2.1.5 subfigure package
\subfigtopskip=\skip46
\subfigcapskip=\skip47
\subfigcaptopadj=\dimen115
\subfigbottomskip=\skip48
\subfigcapmargin=\dimen116
\subfiglabelskip=\skip49
\c@subfigure=\count103
\c@lofdepth=\count104
\c@subtable=\count105
\c@lotdepth=\count106

****************************************
* Local config file subfigure.cfg used *
****************************************
(/usr/share/texlive/texmf-dist/tex/latex/subfigure/subfigure.cfg)
\subfig@top=\skip50
\subfig@bottom=\skip51
)
(/usr/share/texlive/texmf-dist/tex/latex/listings/listings.sty
\lst@mode=\count107
\lst@gtempboxa=\box30
\lst@token=\toks25
\lst@length=\count108
\lst@currlwidth=\dimen117
\lst@column=\count109
\lst@pos=\count110
\lst@lostspace=\dimen118
\lst@width=\dimen119
\lst@newlines=\count111
\lst@lineno=\count112
\lst@maxwidth=\dimen120

(/usr/share/texlive/texmf-dist/tex/latex/listings/lstmisc.sty
File: lstmisc.sty 2015/06/04 1.6 (Carsten Heinz)
\c@lstnumber=\count113
\lst@skipnumbers=\count114
\lst@framebox=\box31
)
(/usr/share/texlive/texmf-dist/tex/latex/listings/listings.cfg
File: listings.cfg 2015/06/04 1.6 listings configuration
))
Package: listings 2015/06/04 1.6 (Carsten Heinz)

(/usr/share/texlive/texmf-dist/tex/latex/tools/verbatim.sty
Package: verbatim 2014/10/28 v1.5q LaTeX2e package for verbatim enhancements
\every@verbatim=\toks26
\verbatim@line=\toks27
\verbatim@in@stream=\read1
)
(/usr/share/texlive/texmf-dist/tex/latex/geometry/geometry.sty
Package: geometry 2010/09/12 v5.6 Page Geometry

(/usr/share/texlive/texmf-dist/tex/generic/oberdiek/ifpdf.sty
Package: ifpdf 2017/03/15 v3.2 Provides the ifpdf switch
)
(/usr/share/texlive/texmf-dist/tex/generic/oberdiek/ifvtex.sty
Package: ifvtex 2016/05/16 v1.6 Detect VTeX and its facilities (HO)
Package ifvtex Info: VTeX not detected.
)
(/usr/share/texlive/texmf-dist/tex/generic/ifxetex/ifxetex.sty
Package: ifxetex 2010/09/12 v0.6 Provides ifxetex conditional
)
\Gm@cnth=\count115
\Gm@cntv=\count116
\c@Gm@tempcnt=\count117
\Gm@bindingoffset=\dimen121
\Gm@wd@mp=\dimen122
\Gm@odd@mp=\dimen123
\Gm@even@mp=\dimen124
\Gm@layoutwidth=\dimen125
\Gm@layoutheight=\dimen126
\Gm@layouthoffset=\dimen127
\Gm@layoutvoffset=\dimen128
\Gm@dimlist=\toks28
) (./Fourier.aux
LaTeX Info: Redefining \. on input line 6.
LaTeX Info: Redefining \% on input line 6.

LaTeX Warning: Label `pos' multiply defined.


LaTeX Warning: Label `pos' multiply defined.


LaTeX Warning: Label `pos' multiply defined.


LaTeX Warning: Label `pos' multiply defined.


LaTeX Warning: Label `pos' multiply defined.

)
\openout1 = `Fourier.aux'.

LaTeX Font Info:    Checking defaults for OML/cmm/m/it on input line 13.
LaTeX Font Info:    ... okay on input line 13.
LaTeX Font Info:    Checking defaults for T1/cmr/m/n on input line 13.
LaTeX Font Info:    ... okay on input line 13.
LaTeX Font Info:    Checking defaults for OT1/cmr/m/n on input line 13.
LaTeX Font Info:    ... okay on input line 13.
LaTeX Font Info:    Checking defaults for OMS/cmsy/m/n on input line 13.
LaTeX Font Info:    ... okay on input line 13.
LaTeX Font Info:    Checking defaults for OMX/cmex/m/n on input line 13.
LaTeX Font Info:    ... okay on input line 13.
LaTeX Font Info:    Checking defaults for U/cmr/m/n on input line 13.
LaTeX Font Info:    ... okay on input line 13.
LaTeX Info: Redefining \. on input line 13.
LaTeX Info: Redefining \% on input line 13.
 (/usr/share/texlive/texmf-dist/tex/context/base/mkii/supp-pdf.mkii
[Loading MPS to PDF converter (version 2006.09.02).]
\scratchcounter=\count118
\scratchdimen=\dimen129
\scratchbox=\box32
\nofMPsegments=\count119
\nofMParguments=\count120
\everyMPshowfont=\toks29
\MPscratchCnt=\count121
\MPscratchDim=\dimen130
\MPnumerator=\count122
\makeMPintoPDFobject=\count123
\everyMPtoPDFconversion=\toks30
) (/usr/share/texlive/texmf-dist/tex/latex/oberdiek/epstopdf-base.sty
Package: epstopdf-base 2016/05/15 v2.6 Base part for package epstopdf

(/usr/share/texlive/texmf-dist/tex/generic/oberdiek/infwarerr.sty
Package: infwarerr 2016/05/16 v1.4 Providing info/warning/error messages (HO)
)
(/usr/share/texlive/texmf-dist/tex/latex/oberdiek/grfext.sty
Package: grfext 2016/05/16 v1.2 Manage graphics extensions (HO)

(/usr/share/texlive/texmf-dist/tex/generic/oberdiek/kvdefinekeys.sty
Package: kvdefinekeys 2016/05/16 v1.4 Define keys (HO)

(/usr/share/texlive/texmf-dist/tex/generic/oberdiek/ltxcmds.sty
Package: ltxcmds 2016/05/16 v1.23 LaTeX kernel commands for general use (HO)
)))
(/usr/share/texlive/texmf-dist/tex/latex/oberdiek/kvoptions.sty
Package: kvoptions 2016/05/16 v3.12 Key value format for package options (HO)

(/usr/share/texlive/texmf-dist/tex/generic/oberdiek/kvsetkeys.sty
Package: kvsetkeys 2016/05/16 v1.17 Key value parser (HO)

(/usr/share/texlive/texmf-dist/tex/generic/oberdiek/etexcmds.sty
Package: etexcmds 2016/05/16 v1.6 Avoid name clashes with e-TeX commands (HO)

(/usr/share/texlive/texmf-dist/tex/generic/oberdiek/ifluatex.sty
Package: ifluatex 2016/05/16 v1.4 Provides the ifluatex switch (HO)
Package ifluatex Info: LuaTeX not detected.
)
Package etexcmds Info: Could not find \expanded.
(etexcmds)             That can mean that you are not using pdfTeX 1.50 or
(etexcmds)             that some package has redefined \expanded.
(etexcmds)             In the latter case, load this package earlier.
)))
(/usr/share/texlive/texmf-dist/tex/generic/oberdiek/pdftexcmds.sty
Package: pdftexcmds 2018/01/21 v0.26 Utility functions of pdfTeX for LuaTeX (HO
)
Package pdftexcmds Info: LuaTeX not detected.
Package pdftexcmds Info: \pdf@primitive is available.
Package pdftexcmds Info: \pdf@ifprimitive is available.
Package pdftexcmds Info: \pdfdraftmode found.
)
Package epstopdf-base Info: Redefining graphics rule for `.eps' on input line 4
38.
Package grfext Info: Graphics extension search list:
(grfext)             [.pdf,.png,.jpg,.mps,.jpeg,.jbig2,.jb2,.PDF,.PNG,.JPG,.JPE
G,.JBIG2,.JB2,.eps]
(grfext)             \AppendGraphicsExtensions on input line 456.

(/usr/share/texlive/texmf-dist/tex/latex/latexconfig/epstopdf-sys.cfg
File: epstopdf-sys.cfg 2010/07/13 v1.3 Configuration of (r)epstopdf for TeX Liv
e
))
\c@lstlisting=\count124

*geometry* driver: auto-detecting
*geometry* detected driver: pdftex
*geometry* verbose mode - [ preamble ] result:
* driver: pdftex
* paper: letterpaper
* layout: <same size as paper>
* layoutoffset:(h,v)=(0.0pt,0.0pt)
* modes: 
* h-part:(L,W,R)=(56.9055pt, 500.484pt, 56.9055pt)
* v-part:(T,H,B)=(56.9055pt, 681.15898pt, 56.9055pt)
* \paperwidth=614.295pt
* \paperheight=794.96999pt
* \textwidth=500.484pt
* \textheight=681.15898pt
* \oddsidemargin=-15.36449pt
* \evensidemargin=-15.36449pt
* \topmargin=-52.36449pt
* \headheight=12.0pt
* \headsep=25.0pt
* \topskip=11.0pt
* \footskip=30.0pt
* \marginparwidth=4.0pt
* \marginparsep=10.0pt
* \columnsep=10.0pt
* \skip\footins=10.0pt plus 4.0pt minus 2.0pt
* \hoffset=0.0pt
* \voffset=0.0pt
* \mag=1000
* \@twocolumntrue
* \@twosidefalse
* \@mparswitchfalse
* \@reversemarginfalse
* (1in=72.27pt=25.4mm, 1cm=28.453pt)

LaTeX Font Info:    Try loading font information for U+msa on input line 41.
(/usr/share/texlive/texmf-dist/tex/latex/amsfonts/umsa.fd
File: umsa.fd 2013/01/14 v3.01 AMS symbols A
)
LaTeX Font Info:    Try loading font information for U+msb on input line 41.

(/usr/share/texlive/texmf-dist/tex/latex/amsfonts/umsb.fd
File: umsb.fd 2013/01/14 v3.01 AMS symbols B
)
Underfull \hbox (badness 10000) in paragraph at lines 41--41

 []


Underfull \hbox (badness 10000) in paragraph at lines 41--41

 []


Underfull \vbox (badness 10000) has occurred while \output is active []


Underfull \vbox (badness 10000) has occurred while \output is active []

 [1{/var/lib/texmf/fonts/map/pdftex/updmap/pdftex.map}


]
Underfull \hbox (badness 10000) in paragraph at lines 48--49

 []


Underfull \hbox (badness 10000) in paragraph at lines 63--64

 []


Underfull \hbox (badness 10000) in paragraph at lines 67--68

 []

[2]
Overfull \hbox (7.0943pt too wide) detected at line 104
\OML/cmm/m/it/10.95  \OT1/cmr/m/n/10.95 (\OML/cmm/m/it/10.95 z; x\OT1/cmr/m/n/1
0.95 ) = [] [][] []
 []


Underfull \hbox (badness 10000) in paragraph at lines 109--110

 []


Underfull \hbox (badness 10000) in paragraph at lines 111--112

 []

[3]
<spot.png, id=25, 541.02126pt x 240.9pt>
File: spot.png Graphic file (type png)
<use spot.png>
Package pdftex.def Info: spot.png  used on input line 142.
(pdftex.def)             Requested size: 216.40466pt x 96.35828pt.


LaTeX Warning: `!h' float specifier changed to `!ht'.

[4 <./spot.png>]
Underfull \hbox (badness 10000) in paragraph at lines 159--160

 []


Overfull \hbox (30.52637pt too wide) detected at line 162
\OML/cmm/m/it/10.95 E[]\OT1/cmr/m/n/10.95 (\OML/cmm/m/it/10.95 x; z\OT1/cmr/m/n
/10.95 ) = \OML/cmm/m/it/10.95 E[][] []\OT1/cmr/m/n/10.95 (\OML/cmm/m/it/10.95 
ikz\OT1/cmr/m/n/10.95 )| 
 []


Underfull \hbox (badness 10000) in paragraph at lines 163--164

 []


Overfull \hbox (21.35953pt too wide) detected at line 166
\OML/cmm/m/it/10.95 E[]\OT1/cmr/m/n/10.95 (\OML/cmm/m/it/10.95 x; z\OT1/cmr/m/n
/10.95 ) = \OML/cmm/m/it/10.95 E[][] []\OT1/cmr/m/n/10.95 (\OML/cmm/m/it/10.95 
ikz\OT1/cmr/m/n/10.95 )| 
 []


Underfull \hbox (badness 10000) in paragraph at lines 167--168

 []


Overfull \hbox (49.81229pt too wide) detected at line 175
\OML/cmm/m/it/10.95 E[]\OT1/cmr/m/n/10.95 (\OML/cmm/m/it/10.95 x; z\OT1/cmr/m/n
/10.95 ) = \OML/cmm/m/it/10.95 E[][] []\OT1/cmr/m/n/10.95 (\OML/cmm/m/it/10.95 
ikz\OT1/cmr/m/n/10.95 )| 
 []


Underfull \hbox (badness 10000) in paragraph at lines 189--189
[]\OT1/cmr/bx/n/14.4 -Implementaci^^Son, in-ter-pre-ta-ci^^Son
 []


Underfull \hbox (badness 10000) in paragraph at lines 190--191

 []


Underfull \hbox (badness 1354) in paragraph at lines 192--193
\OT1/cmr/m/n/10.95 de te-ner un ran-go que con-tu-vie-ra in-for-ma-ci^^Son
 []


Underfull \hbox (badness 10000) in paragraph at lines 192--193

 []

Package epstopdf Info: Source file: <H1.eps>
(epstopdf)                    date: 2019-07-13 00:57:47
(epstopdf)                    size: 54550 bytes
(epstopdf)             Output file: <H1-eps-converted-to.pdf>
(epstopdf)                    date: 2019-07-13 00:59:48
(epstopdf)                    size: 19915 bytes
(epstopdf)             Command: <repstopdf --outfile=H1-eps-converted-to.pdf H1
.eps>
(epstopdf)             \includegraphics on input line 197.
Package epstopdf Info: Output file is already uptodate.


pdfTeX warning: pdflatex (file ./H1-eps-converted-to.pdf): PDF inclusion: found
 PDF version <1.7>, but at most version <1.5> allowed
<H1-eps-converted-to.pdf, id=29, 421.575pt x 316.18124pt>
File: H1-eps-converted-to.pdf Graphic file (type pdf)
<use H1-eps-converted-to.pdf>
Package pdftex.def Info: H1-eps-converted-to.pdf  used on input line 197.
(pdftex.def)             Requested size: 252.94695pt x 189.7102pt.
Package epstopdf Info: Source file: <T1.eps>
(epstopdf)                    date: 2019-07-13 00:59:28
(epstopdf)                    size: 48642 bytes
(epstopdf)             Output file: <T1-eps-converted-to.pdf>
(epstopdf)                    date: 2019-07-13 00:59:49
(epstopdf)                    size: 12942 bytes
(epstopdf)             Command: <repstopdf --outfile=T1-eps-converted-to.pdf T1
.eps>
(epstopdf)             \includegraphics on input line 198.
Package epstopdf Info: Output file is already uptodate.


pdfTeX warning: pdflatex (file ./T1-eps-converted-to.pdf): PDF inclusion: found
 PDF version <1.7>, but at most version <1.5> allowed
<T1-eps-converted-to.pdf, id=30, 427.5975pt x 319.1925pt>
File: T1-eps-converted-to.pdf Graphic file (type pdf)
<use T1-eps-converted-to.pdf>
Package pdftex.def Info: T1-eps-converted-to.pdf  used on input line 198.
(pdftex.def)             Requested size: 256.56047pt x 191.51697pt.

Overfull \hbox (7.70496pt too wide) in paragraph at lines 197--199
 [] 
 []


Overfull \hbox (11.31848pt too wide) in paragraph at lines 197--199
 [] 
 []


LaTeX Warning: `!h' float specifier changed to `!ht'.

Package epstopdf Info: Source file: <propagacion.eps>
(epstopdf)                    date: 2019-07-13 01:08:27
(epstopdf)                    size: 158824 bytes
(epstopdf)             Output file: <propagacion-eps-converted-to.pdf>
(epstopdf)                    date: 2019-07-13 01:12:51
(epstopdf)                    size: 48499 bytes
(epstopdf)             Command: <repstopdf --outfile=propagacion-eps-converted-
to.pdf propagacion.eps>
(epstopdf)             \includegraphics on input line 207.
Package epstopdf Info: Output file is already uptodate.


pdfTeX warning: pdflatex (file ./propagacion-eps-converted-to.pdf): PDF inclusi
on: found PDF version <1.7>, but at most version <1.5> allowed
<propagacion-eps-converted-to.pdf, id=31, 421.575pt x 316.18124pt>
File: propagacion-eps-converted-to.pdf Graphic file (type pdf)
<use propagacion-eps-converted-to.pdf>
Package pdftex.def Info: propagacion-eps-converted-to.pdf  used on input line 2
07.
(pdftex.def)             Requested size: 252.94695pt x 189.7102pt.
Package epstopdf Info: Source file: <propagacion2.eps>
(epstopdf)                    date: 2019-07-13 01:10:46
(epstopdf)                    size: 160401 bytes
(epstopdf)             Output file: <propagacion2-eps-converted-to.pdf>
(epstopdf)                    date: 2019-07-13 01:12:51
(epstopdf)                    size: 55384 bytes
(epstopdf)             Command: <repstopdf --outfile=propagacion2-eps-converted
-to.pdf propagacion2.eps>
(epstopdf)             \includegraphics on input line 208.
Package epstopdf Info: Output file is already uptodate.


pdfTeX warning: pdflatex (file ./propagacion2-eps-converted-to.pdf): PDF inclus
ion: found PDF version <1.7>, but at most version <1.5> allowed
<propagacion2-eps-converted-to.pdf, id=32, 421.575pt x 316.18124pt>
File: propagacion2-eps-converted-to.pdf Graphic file (type pdf)
<use propagacion2-eps-converted-to.pdf>
Package pdftex.def Info: propagacion2-eps-converted-to.pdf  used on input line 
208.
(pdftex.def)             Requested size: 252.94695pt x 189.7102pt.

Overfull \hbox (7.70496pt too wide) in paragraph at lines 207--209
 [] 
 []


Overfull \hbox (7.70496pt too wide) in paragraph at lines 207--209
 [] 
 []

[5]

LaTeX Warning: `!h' float specifier changed to `!ht'.


LaTeX Warning: `!h' float specifier changed to `!ht'.


Underfull \hbox (badness 3514) in paragraph at lines 244--252
\OT1/cmr/m/n/10.95 es-pa-cial-men-te en-tre $[\OMS/cmsy/m/n/10.95 ^^@\OML/cmm/m
/it/10.95 a=\OT1/cmr/m/n/10.95 2\OML/cmm/m/it/10.95 ; a=\OT1/cmr/m/n/10.95 2]$,
 si-mu-lan-do un
 []


Underfull \hbox (badness 10000) in paragraph at lines 244--252

 []

[6 <./H1-eps-converted-to.pdf> <./T1-eps-converted-to.pdf> <./propagacion-eps-c
onverted-to.pdf> <./propagacion2-eps-converted-to.pdf>]
Package epstopdf Info: Source file: <p1.eps>
(epstopdf)                    date: 2019-07-14 01:29:28
(epstopdf)                    size: 39054 bytes
(epstopdf)             Output file: <p1-eps-converted-to.pdf>
(epstopdf)                    date: 2019-07-14 01:31:41
(epstopdf)                    size: 16084 bytes
(epstopdf)             Command: <repstopdf --outfile=p1-eps-converted-to.pdf p1
.eps>
(epstopdf)             \includegraphics on input line 256.
Package epstopdf Info: Output file is already uptodate.


pdfTeX warning: pdflatex (file ./p1-eps-converted-to.pdf): PDF inclusion: found
 PDF version <1.7>, but at most version <1.5> allowed
<p1-eps-converted-to.pdf, id=72, 421.575pt x 316.18124pt>
File: p1-eps-converted-to.pdf Graphic file (type pdf)
<use p1-eps-converted-to.pdf>
Package pdftex.def Info: p1-eps-converted-to.pdf  used on input line 256.
(pdftex.def)             Requested size: 231.86696pt x 173.9002pt.
Package epstopdf Info: Source file: <fre1.eps>
(epstopdf)                    date: 2019-07-13 01:58:59
(epstopdf)                    size: 50973 bytes
(epstopdf)             Output file: <fre1-eps-converted-to.pdf>
(epstopdf)                    date: 2019-07-13 01:59:39
(epstopdf)                    size: 19872 bytes
(epstopdf)             Command: <repstopdf --outfile=fre1-eps-converted-to.pdf 
fre1.eps>
(epstopdf)             \includegraphics on input line 265.
Package epstopdf Info: Output file is already uptodate.


pdfTeX warning: pdflatex (file ./fre1-eps-converted-to.pdf): PDF inclusion: fou
nd PDF version <1.7>, but at most version <1.5> allowed
<fre1-eps-converted-to.pdf, id=73, 421.575pt x 316.18124pt>
File: fre1-eps-converted-to.pdf Graphic file (type pdf)
<use fre1-eps-converted-to.pdf>
Package pdftex.def Info: fre1-eps-converted-to.pdf  used on input line 265.
(pdftex.def)             Requested size: 210.78697pt x 158.09023pt.
Package epstopdf Info: Source file: <fre2.eps>
(epstopdf)                    date: 2019-07-13 01:59:15
(epstopdf)                    size: 51017 bytes
(epstopdf)             Output file: <fre2-eps-converted-to.pdf>
(epstopdf)                    date: 2019-07-13 01:59:40
(epstopdf)                    size: 19863 bytes
(epstopdf)             Command: <repstopdf --outfile=fre2-eps-converted-to.pdf 
fre2.eps>
(epstopdf)             \includegraphics on input line 266.
Package epstopdf Info: Output file is already uptodate.


pdfTeX warning: pdflatex (file ./fre2-eps-converted-to.pdf): PDF inclusion: fou
nd PDF version <1.7>, but at most version <1.5> allowed
<fre2-eps-converted-to.pdf, id=74, 421.575pt x 316.18124pt>
File: fre2-eps-converted-to.pdf Graphic file (type pdf)
<use fre2-eps-converted-to.pdf>
Package pdftex.def Info: fre2-eps-converted-to.pdf  used on input line 266.
(pdftex.def)             Requested size: 210.78697pt x 158.09023pt.
Package epstopdf Info: Source file: <curva.eps>
(epstopdf)                    date: 2019-07-13 02:03:12
(epstopdf)                    size: 52743 bytes
(epstopdf)             Output file: <curva-eps-converted-to.pdf>
(epstopdf)                    date: 2019-07-13 02:03:24
(epstopdf)                    size: 19493 bytes
(epstopdf)             Command: <repstopdf --outfile=curva-eps-converted-to.pdf
 curva.eps>
(epstopdf)             \includegraphics on input line 267.
Package epstopdf Info: Output file is already uptodate.


pdfTeX warning: pdflatex (file ./curva-eps-converted-to.pdf): PDF inclusion: fo
und PDF version <1.7>, but at most version <1.5> allowed
<curva-eps-converted-to.pdf, id=75, 421.575pt x 316.18124pt>
File: curva-eps-converted-to.pdf Graphic file (type pdf)
<use curva-eps-converted-to.pdf>
Package pdftex.def Info: curva-eps-converted-to.pdf  used on input line 267.
(pdftex.def)             Requested size: 210.78697pt x 158.09023pt.
Package epstopdf Info: Source file: <p1.eps>
(epstopdf)                    date: 2019-07-14 01:29:28
(epstopdf)                    size: 39054 bytes
(epstopdf)             Output file: <p1-eps-converted-to.pdf>
(epstopdf)                    date: 2019-07-14 01:31:41
(epstopdf)                    size: 16084 bytes
(epstopdf)             Command: <repstopdf --outfile=p1-eps-converted-to.pdf p1
.eps>
(epstopdf)             \includegraphics on input line 275.
Package epstopdf Info: Output file is already uptodate.
File: p1-eps-converted-to.pdf Graphic file (type pdf)
<use p1-eps-converted-to.pdf>
Package pdftex.def Info: p1-eps-converted-to.pdf  used on input line 275.
(pdftex.def)             Requested size: 242.40373pt x 181.8028pt.
Package epstopdf Info: Source file: <p1t.eps>
(epstopdf)                    date: 2019-07-14 01:28:05
(epstopdf)                    size: 91584 bytes
(epstopdf)             Output file: <p1t-eps-converted-to.pdf>
(epstopdf)                    date: 2019-07-14 01:31:41
(epstopdf)                    size: 35665 bytes
(epstopdf)             Command: <repstopdf --outfile=p1t-eps-converted-to.pdf p
1t.eps>
(epstopdf)             \includegraphics on input line 276.
Package epstopdf Info: Output file is already uptodate.


pdfTeX warning: pdflatex (file ./p1t-eps-converted-to.pdf): PDF inclusion: foun
d PDF version <1.7>, but at most version <1.5> allowed
<p1t-eps-converted-to.pdf, id=76, 421.575pt x 316.18124pt>
File: p1t-eps-converted-to.pdf Graphic file (type pdf)
<use p1t-eps-converted-to.pdf>
Package pdftex.def Info: p1t-eps-converted-to.pdf  used on input line 276.
(pdftex.def)             Requested size: 242.40373pt x 181.8028pt.
Package epstopdf Info: Source file: <p2.eps>
(epstopdf)                    date: 2019-07-14 01:31:35
(epstopdf)                    size: 22199 bytes
(epstopdf)             Output file: <p2-eps-converted-to.pdf>
(epstopdf)                    date: 2019-07-14 01:31:42
(epstopdf)                    size: 10172 bytes
(epstopdf)             Command: <repstopdf --outfile=p2-eps-converted-to.pdf p2
.eps>
(epstopdf)             \includegraphics on input line 277.
Package epstopdf Info: Output file is already uptodate.


pdfTeX warning: pdflatex (file ./p2-eps-converted-to.pdf): PDF inclusion: found
 PDF version <1.7>, but at most version <1.5> allowed
<p2-eps-converted-to.pdf, id=77, 421.575pt x 316.18124pt>
File: p2-eps-converted-to.pdf Graphic file (type pdf)
<use p2-eps-converted-to.pdf>
Package pdftex.def Info: p2-eps-converted-to.pdf  used on input line 277.
(pdftex.def)             Requested size: 242.40373pt x 181.8028pt.
Package epstopdf Info: Source file: <p2t.eps>
(epstopdf)                    date: 2019-07-14 01:31:09
(epstopdf)                    size: 52958 bytes
(epstopdf)             Output file: <p2t-eps-converted-to.pdf>
(epstopdf)                    date: 2019-07-14 01:31:42
(epstopdf)                    size: 22188 bytes
(epstopdf)             Command: <repstopdf --outfile=p2t-eps-converted-to.pdf p
2t.eps>
(epstopdf)             \includegraphics on input line 278.
Package epstopdf Info: Output file is already uptodate.


pdfTeX warning: pdflatex (file ./p2t-eps-converted-to.pdf): PDF inclusion: foun
d PDF version <1.7>, but at most version <1.5> allowed
<p2t-eps-converted-to.pdf, id=78, 421.575pt x 316.18124pt>
File: p2t-eps-converted-to.pdf Graphic file (type pdf)
<use p2t-eps-converted-to.pdf>
Package pdftex.def Info: p2t-eps-converted-to.pdf  used on input line 278.
(pdftex.def)             Requested size: 242.40373pt x 181.8028pt.
Package epstopdf Info: Source file: <p3.eps>
(epstopdf)                    date: 2019-07-14 01:35:40
(epstopdf)                    size: 23864 bytes
(epstopdf)             Output file: <p3-eps-converted-to.pdf>
(epstopdf)                    date: 2019-07-14 01:35:48
(epstopdf)                    size: 10520 bytes
(epstopdf)             Command: <repstopdf --outfile=p3-eps-converted-to.pdf p3
.eps>
(epstopdf)             \includegraphics on input line 279.
Package epstopdf Info: Output file is already uptodate.


pdfTeX warning: pdflatex (file ./p3-eps-converted-to.pdf): PDF inclusion: found
 PDF version <1.7>, but at most version <1.5> allowed
<p3-eps-converted-to.pdf, id=79, 421.575pt x 316.18124pt>
File: p3-eps-converted-to.pdf Graphic file (type pdf)
<use p3-eps-converted-to.pdf>
Package pdftex.def Info: p3-eps-converted-to.pdf  used on input line 279.
(pdftex.def)             Requested size: 242.40373pt x 181.8028pt.
Package epstopdf Info: Source file: <p3t.eps>
(epstopdf)                    date: 2019-07-14 01:35:11
(epstopdf)                    size: 54663 bytes
(epstopdf)             Output file: <p3t-eps-converted-to.pdf>
(epstopdf)                    date: 2019-07-14 01:35:48
(epstopdf)                    size: 22528 bytes
(epstopdf)             Command: <repstopdf --outfile=p3t-eps-converted-to.pdf p
3t.eps>
(epstopdf)             \includegraphics on input line 280.
Package epstopdf Info: Output file is already uptodate.


pdfTeX warning: pdflatex (file ./p3t-eps-converted-to.pdf): PDF inclusion: foun
d PDF version <1.7>, but at most version <1.5> allowed
<p3t-eps-converted-to.pdf, id=80, 421.575pt x 316.18124pt>
File: p3t-eps-converted-to.pdf Graphic file (type pdf)
<use p3t-eps-converted-to.pdf>
Package pdftex.def Info: p3t-eps-converted-to.pdf  used on input line 280.
(pdftex.def)             Requested size: 242.40373pt x 181.8028pt.

LaTeX Warning: `!h' float specifier changed to `!ht'.

Package epstopdf Info: Source file: <p4.eps>
(epstopdf)                    date: 2019-07-14 01:39:17
(epstopdf)                    size: 24681 bytes
(epstopdf)             Output file: <p4-eps-converted-to.pdf>
(epstopdf)                    date: 2019-07-14 01:42:37
(epstopdf)                    size: 10589 bytes
(epstopdf)             Command: <repstopdf --outfile=p4-eps-converted-to.pdf p4
.eps>
(epstopdf)             \includegraphics on input line 288.
Package epstopdf Info: Output file is already uptodate.


pdfTeX warning: pdflatex (file ./p4-eps-converted-to.pdf): PDF inclusion: found
 PDF version <1.7>, but at most version <1.5> allowed
<p4-eps-converted-to.pdf, id=81, 421.575pt x 316.18124pt>
File: p4-eps-converted-to.pdf Graphic file (type pdf)
<use p4-eps-converted-to.pdf>
Package pdftex.def Info: p4-eps-converted-to.pdf  used on input line 288.
(pdftex.def)             Requested size: 242.40373pt x 181.8028pt.
Package epstopdf Info: Source file: <p4t.eps>
(epstopdf)                    date: 2019-07-14 01:38:47
(epstopdf)                    size: 55541 bytes
(epstopdf)             Output file: <p4t-eps-converted-to.pdf>
(epstopdf)                    date: 2019-07-14 01:42:38
(epstopdf)                    size: 22334 bytes
(epstopdf)             Command: <repstopdf --outfile=p4t-eps-converted-to.pdf p
4t.eps>
(epstopdf)             \includegraphics on input line 289.
Package epstopdf Info: Output file is already uptodate.


pdfTeX warning: pdflatex (file ./p4t-eps-converted-to.pdf): PDF inclusion: foun
d PDF version <1.7>, but at most version <1.5> allowed
<p4t-eps-converted-to.pdf, id=82, 421.575pt x 316.18124pt>
File: p4t-eps-converted-to.pdf Graphic file (type pdf)
<use p4t-eps-converted-to.pdf>
Package pdftex.def Info: p4t-eps-converted-to.pdf  used on input line 289.
(pdftex.def)             Requested size: 242.40373pt x 181.8028pt.
Package epstopdf Info: Source file: <p5.eps>
(epstopdf)                    date: 2019-07-13 01:46:36
(epstopdf)                    size: 23451 bytes
(epstopdf)             Output file: <p5-eps-converted-to.pdf>
(epstopdf)                    date: 2019-07-13 01:53:44
(epstopdf)                    size: 10504 bytes
(epstopdf)             Command: <repstopdf --outfile=p5-eps-converted-to.pdf p5
.eps>
(epstopdf)             \includegraphics on input line 290.
Package epstopdf Info: Output file is already uptodate.


pdfTeX warning: pdflatex (file ./p5-eps-converted-to.pdf): PDF inclusion: found
 PDF version <1.7>, but at most version <1.5> allowed
<p5-eps-converted-to.pdf, id=83, 421.575pt x 316.18124pt>
File: p5-eps-converted-to.pdf Graphic file (type pdf)
<use p5-eps-converted-to.pdf>
Package pdftex.def Info: p5-eps-converted-to.pdf  used on input line 290.
(pdftex.def)             Requested size: 242.40373pt x 181.8028pt.
Package epstopdf Info: Source file: <p5t.eps>
(epstopdf)                    date: 2019-07-13 01:52:43
(epstopdf)                    size: 51847 bytes
(epstopdf)             Output file: <p5t-eps-converted-to.pdf>
(epstopdf)                    date: 2019-07-13 01:53:44
(epstopdf)                    size: 21321 bytes
(epstopdf)             Command: <repstopdf --outfile=p5t-eps-converted-to.pdf p
5t.eps>
(epstopdf)             \includegraphics on input line 291.
Package epstopdf Info: Output file is already uptodate.


pdfTeX warning: pdflatex (file ./p5t-eps-converted-to.pdf): PDF inclusion: foun
d PDF version <1.7>, but at most version <1.5> allowed
<p5t-eps-converted-to.pdf, id=84, 427.5975pt x 319.1925pt>
File: p5t-eps-converted-to.pdf Graphic file (type pdf)
<use p5t-eps-converted-to.pdf>
Package pdftex.def Info: p5t-eps-converted-to.pdf  used on input line 291.
(pdftex.def)             Requested size: 245.86665pt x 183.53426pt.
Package epstopdf Info: Source file: <p6.eps>
(epstopdf)                    date: 2019-07-13 01:47:58
(epstopdf)                    size: 30028 bytes
(epstopdf)             Output file: <p6-eps-converted-to.pdf>
(epstopdf)                    date: 2019-07-13 01:53:45
(epstopdf)                    size: 12111 bytes
(epstopdf)             Command: <repstopdf --outfile=p6-eps-converted-to.pdf p6
.eps>
(epstopdf)             \includegraphics on input line 292.
Package epstopdf Info: Output file is already uptodate.


pdfTeX warning: pdflatex (file ./p6-eps-converted-to.pdf): PDF inclusion: found
 PDF version <1.7>, but at most version <1.5> allowed
<p6-eps-converted-to.pdf, id=85, 421.575pt x 316.18124pt>
File: p6-eps-converted-to.pdf Graphic file (type pdf)
<use p6-eps-converted-to.pdf>
Package pdftex.def Info: p6-eps-converted-to.pdf  used on input line 292.
(pdftex.def)             Requested size: 242.40373pt x 181.8028pt.
Package epstopdf Info: Source file: <p6t.eps>
(epstopdf)                    date: 2019-07-13 01:53:23
(epstopdf)                    size: 87436 bytes
(epstopdf)             Output file: <p6t-eps-converted-to.pdf>
(epstopdf)                    date: 2019-07-13 01:53:45
(epstopdf)                    size: 34226 bytes
(epstopdf)             Command: <repstopdf --outfile=p6t-eps-converted-to.pdf p
6t.eps>
(epstopdf)             \includegraphics on input line 293.
Package epstopdf Info: Output file is already uptodate.


pdfTeX warning: pdflatex (file ./p6t-eps-converted-to.pdf): PDF inclusion: foun
d PDF version <1.7>, but at most version <1.5> allowed
<p6t-eps-converted-to.pdf, id=86, 427.5975pt x 319.1925pt>
File: p6t-eps-converted-to.pdf Graphic file (type pdf)
<use p6t-eps-converted-to.pdf>
Package pdftex.def Info: p6t-eps-converted-to.pdf  used on input line 293.
(pdftex.def)             Requested size: 245.86665pt x 183.53426pt.

LaTeX Warning: `!h' float specifier changed to `!ht'.


Underfull \hbox (badness 10000) in paragraph at lines 299--300

 []

[7 <./p1-eps-converted-to.pdf> <./fre1-eps-converted-to.pdf> <./fre2-eps-conver
ted-to.pdf> <./curva-eps-converted-to.pdf>]

LaTeX Warning: Text page 8 contains only floats.


Overfull \vbox (16.74109pt too high) has occurred while \output is active []



LaTeX Warning: Text page 8 contains only floats.


Overfull \vbox (16.74109pt too high) has occurred while \output is active []


Overfull \vbox (1.7411pt too high) has occurred while \output is active []


[8 <./p1t-eps-converted-to.pdf> <./p2-eps-converted-to.pdf> <./p2t-eps-converte
d-to.pdf> <./p3-eps-converted-to.pdf> <./p3t-eps-converted-to.pdf>]

LaTeX Warning: Text page 9 contains only floats.


Overfull \vbox (16.74109pt too high) has occurred while \output is active []



LaTeX Warning: Text page 9 contains only floats.


Overfull \vbox (16.74109pt too high) has occurred while \output is active []


Overfull \vbox (1.7411pt too high) has occurred while \output is active []


[9 <./p4-eps-converted-to.pdf> <./p4t-eps-converted-to.pdf> <./p5-eps-converted
-to.pdf> <./p5t-eps-converted-to.pdf> <./p6-eps-converted-to.pdf> <./p6t-eps-co
nverted-to.pdf>]
LaTeX Font Info:    Try loading font information for OMS+cmr on input line 322.

 (/usr/share/texlive/texmf-dist/tex/latex/base/omscmr.fd
File: omscmr.fd 2014/09/29 v2.5h Standard LaTeX font definitions
)
LaTeX Font Info:    Font shape `OMS/cmr/m/n' in size <10.95> not available
(Font)              Font shape `OMS/cmsy/m/n' tried instead on input line 322.

[10]
Overfull \hbox (4.42061pt too wide) in paragraph at lines 339--341
[][][][][][][][][][][] 
 []

LaTeX Font Info:    Try loading font information for OML+cmr on input line 382.

(/usr/share/texlive/texmf-dist/tex/latex/base/omlcmr.fd
File: omlcmr.fd 2014/09/29 v2.5h Standard LaTeX font definitions
)
LaTeX Font Info:    Font shape `OML/cmr/m/n' in size <10.95> not available
(Font)              Font shape `OML/cmm/m/it' tried instead on input line 382.

Underfull \vbox (badness 10000) has occurred while \output is active []


Overfull \hbox (4.42061pt too wide) in paragraph at lines 386--387
[][][][][][][][][][][] 
 []


Overfull \hbox (10.99068pt too wide) in paragraph at lines 396--398
[][][][][][][][][][][][][][][][] 
 []


Overfull \hbox (30.70088pt too wide) in paragraph at lines 399--400
[][][][][][][][][][][][][][][] 
 []


Underfull \vbox (badness 10000) has occurred while \output is active []

 [11]
[12

] (./Fourier.aux
LaTeX Info: Redefining \. on input line 6.
LaTeX Info: Redefining \% on input line 6.
)

LaTeX Warning: There were multiply-defined labels.

 ) 
Here is how much of TeX's memory you used:
 6036 strings out of 492982
 80336 string characters out of 6134896
 191995 words of memory out of 5000000
 9474 multiletter control sequences out of 15000+600000
 16016 words of font info for 60 fonts, out of 8000000 for 9000
 1141 hyphenation exceptions out of 8191
 41i,10n,32p,1234b,1522s stack positions out of 5000i,500n,10000p,200000b,80000s
</usr/share/texlive/texmf-dist/fonts/type1/public/amsfonts/cm/cmbx10.pfb></us
r/share/texlive/texmf-dist/fonts/type1/public/amsfonts/cm/cmbx12.pfb></usr/shar
e/texlive/texmf-dist/fonts/type1/public/amsfonts/cm/cmbxti10.pfb></usr/share/te
xlive/texmf-dist/fonts/type1/public/amsfonts/cm/cmex10.pfb></usr/share/texlive/
texmf-dist/fonts/type1/public/amsfonts/cm/cmmi10.pfb></usr/share/texlive/texmf-
dist/fonts/type1/public/amsfonts/cm/cmmi6.pfb></usr/share/texlive/texmf-dist/fo
nts/type1/public/amsfonts/cm/cmmi8.pfb></usr/share/texlive/texmf-dist/fonts/typ
e1/public/amsfonts/cm/cmr10.pfb></usr/share/texlive/texmf-dist/fonts/type1/publ
ic/amsfonts/cm/cmr7.pfb></usr/share/texlive/texmf-dist/fonts/type1/public/amsfo
nts/cm/cmr8.pfb></usr/share/texlive/texmf-dist/fonts/type1/public/amsfonts/cm/c
mr9.pfb></usr/share/texlive/texmf-dist/fonts/type1/public/amsfonts/cm/cmsy10.pf
b></usr/share/texlive/texmf-dist/fonts/type1/public/amsfonts/cm/cmsy8.pfb></usr
/share/texlive/texmf-dist/fonts/type1/public/amsfonts/cm/cmti10.pfb>
Output written on Fourier.pdf (12 pages, 579445 bytes).
PDF statistics:
 263 PDF objects out of 1000 (max. 8388607)
 178 compressed objects within 2 object streams
 0 named destinations out of 1000 (max. 500000)
 101 words of extra memory for PDF output out of 10000 (max. 10000000)

